
Test Results Summary (2024-10-25T16-01-33-411Z)
=================================
Total Tests: 5
Passed Tests: 0
Failed Tests: 5

Detailed Results:
FAILED: appends number 7 to the display
Failure: TypeError: Cannot set properties of null (setting 'innerText')
    at updateDisplay (/Users/rc/Calculator App/script.js:7:22)
    at clearDisplay (/Users/rc/Calculator App/script.js:36:5)
    at Object.<anonymous> (/Users/rc/Calculator App/Cal Tests/calculator.test.js:21:5)
    at Promise.then.completed (/Users/rc/Calculator App/node_modules/jest-circus/build/utils.js:391:28)
    at new Promise (<anonymous>)
    at callAsyncCircusFn (/Users/rc/Calculator App/node_modules/jest-circus/build/utils.js:316:10)
    at _callCircusHook (/Users/rc/Calculator App/node_modules/jest-circus/build/run.js:181:40)
    at processTicksAndRejections (node:internal/process/task_queues:95:5)
    at _runTest (/Users/rc/Calculator App/node_modules/jest-circus/build/run.js:148:5)
    at _runTestsForDescribeBlock (/Users/rc/Calculator App/node_modules/jest-circus/build/run.js:66:9)
    at run (/Users/rc/Calculator App/node_modules/jest-circus/build/run.js:25:3)
    at runAndTransformResultsToJestFormat (/Users/rc/Calculator App/node_modules/jest-circus/build/legacy-code-todo-rewrite/jestAdapterInit.js:170:21)
    at jestAdapter (/Users/rc/Calculator App/node_modules/jest-circus/build/legacy-code-todo-rewrite/jestAdapter.js:82:19)
    at runTestInternal (/Users/rc/Calculator App/node_modules/jest-runner/build/runTest.js:389:16)
    at runTest (/Users/rc/Calculator App/node_modules/jest-runner/build/runTest.js:475:34)
    at TestRunner.runTests (/Users/rc/Calculator App/node_modules/jest-runner/build/index.js:101:12)
    at TestScheduler.scheduleTests (/Users/rc/Calculator App/node_modules/@jest/core/build/TestScheduler.js:333:13)
    at runJest (/Users/rc/Calculator App/node_modules/@jest/core/build/runJest.js:404:19)
    at _run10000 (/Users/rc/Calculator App/node_modules/@jest/core/build/cli/index.js:320:7)
    at runCLI (/Users/rc/Calculator App/node_modules/@jest/core/build/cli/index.js:173:3)
    at Object.run (/Users/rc/Calculator App/node_modules/jest-cli/build/cli/index.js:155:37)

FAILED: appends operator + to the display
Failure: TypeError: Cannot set properties of null (setting 'innerText')
    at updateDisplay (/Users/rc/Calculator App/script.js:7:22)
    at clearDisplay (/Users/rc/Calculator App/script.js:36:5)
    at Object.<anonymous> (/Users/rc/Calculator App/Cal Tests/calculator.test.js:21:5)
    at Promise.then.completed (/Users/rc/Calculator App/node_modules/jest-circus/build/utils.js:391:28)
    at new Promise (<anonymous>)
    at callAsyncCircusFn (/Users/rc/Calculator App/node_modules/jest-circus/build/utils.js:316:10)
    at _callCircusHook (/Users/rc/Calculator App/node_modules/jest-circus/build/run.js:181:40)
    at processTicksAndRejections (node:internal/process/task_queues:95:5)
    at _runTest (/Users/rc/Calculator App/node_modules/jest-circus/build/run.js:148:5)
    at _runTestsForDescribeBlock (/Users/rc/Calculator App/node_modules/jest-circus/build/run.js:66:9)
    at run (/Users/rc/Calculator App/node_modules/jest-circus/build/run.js:25:3)
    at runAndTransformResultsToJestFormat (/Users/rc/Calculator App/node_modules/jest-circus/build/legacy-code-todo-rewrite/jestAdapterInit.js:170:21)
    at jestAdapter (/Users/rc/Calculator App/node_modules/jest-circus/build/legacy-code-todo-rewrite/jestAdapter.js:82:19)
    at runTestInternal (/Users/rc/Calculator App/node_modules/jest-runner/build/runTest.js:389:16)
    at runTest (/Users/rc/Calculator App/node_modules/jest-runner/build/runTest.js:475:34)
    at TestRunner.runTests (/Users/rc/Calculator App/node_modules/jest-runner/build/index.js:101:12)
    at TestScheduler.scheduleTests (/Users/rc/Calculator App/node_modules/@jest/core/build/TestScheduler.js:333:13)
    at runJest (/Users/rc/Calculator App/node_modules/@jest/core/build/runJest.js:404:19)
    at _run10000 (/Users/rc/Calculator App/node_modules/@jest/core/build/cli/index.js:320:7)
    at runCLI (/Users/rc/Calculator App/node_modules/@jest/core/build/cli/index.js:173:3)
    at Object.run (/Users/rc/Calculator App/node_modules/jest-cli/build/cli/index.js:155:37)

FAILED: clears the display
Failure: TypeError: Cannot set properties of null (setting 'innerText')
    at updateDisplay (/Users/rc/Calculator App/script.js:7:22)
    at clearDisplay (/Users/rc/Calculator App/script.js:36:5)
    at Object.<anonymous> (/Users/rc/Calculator App/Cal Tests/calculator.test.js:21:5)
    at Promise.then.completed (/Users/rc/Calculator App/node_modules/jest-circus/build/utils.js:391:28)
    at new Promise (<anonymous>)
    at callAsyncCircusFn (/Users/rc/Calculator App/node_modules/jest-circus/build/utils.js:316:10)
    at _callCircusHook (/Users/rc/Calculator App/node_modules/jest-circus/build/run.js:181:40)
    at processTicksAndRejections (node:internal/process/task_queues:95:5)
    at _runTest (/Users/rc/Calculator App/node_modules/jest-circus/build/run.js:148:5)
    at _runTestsForDescribeBlock (/Users/rc/Calculator App/node_modules/jest-circus/build/run.js:66:9)
    at run (/Users/rc/Calculator App/node_modules/jest-circus/build/run.js:25:3)
    at runAndTransformResultsToJestFormat (/Users/rc/Calculator App/node_modules/jest-circus/build/legacy-code-todo-rewrite/jestAdapterInit.js:170:21)
    at jestAdapter (/Users/rc/Calculator App/node_modules/jest-circus/build/legacy-code-todo-rewrite/jestAdapter.js:82:19)
    at runTestInternal (/Users/rc/Calculator App/node_modules/jest-runner/build/runTest.js:389:16)
    at runTest (/Users/rc/Calculator App/node_modules/jest-runner/build/runTest.js:475:34)
    at TestRunner.runTests (/Users/rc/Calculator App/node_modules/jest-runner/build/index.js:101:12)
    at TestScheduler.scheduleTests (/Users/rc/Calculator App/node_modules/@jest/core/build/TestScheduler.js:333:13)
    at runJest (/Users/rc/Calculator App/node_modules/@jest/core/build/runJest.js:404:19)
    at _run10000 (/Users/rc/Calculator App/node_modules/@jest/core/build/cli/index.js:320:7)
    at runCLI (/Users/rc/Calculator App/node_modules/@jest/core/build/cli/index.js:173:3)
    at Object.run (/Users/rc/Calculator App/node_modules/jest-cli/build/cli/index.js:155:37)

FAILED: calculates 2 + 3 correctly
Failure: TypeError: Cannot set properties of null (setting 'innerText')
    at updateDisplay (/Users/rc/Calculator App/script.js:7:22)
    at clearDisplay (/Users/rc/Calculator App/script.js:36:5)
    at Object.<anonymous> (/Users/rc/Calculator App/Cal Tests/calculator.test.js:21:5)
    at Promise.then.completed (/Users/rc/Calculator App/node_modules/jest-circus/build/utils.js:391:28)
    at new Promise (<anonymous>)
    at callAsyncCircusFn (/Users/rc/Calculator App/node_modules/jest-circus/build/utils.js:316:10)
    at _callCircusHook (/Users/rc/Calculator App/node_modules/jest-circus/build/run.js:181:40)
    at processTicksAndRejections (node:internal/process/task_queues:95:5)
    at _runTest (/Users/rc/Calculator App/node_modules/jest-circus/build/run.js:148:5)
    at _runTestsForDescribeBlock (/Users/rc/Calculator App/node_modules/jest-circus/build/run.js:66:9)
    at run (/Users/rc/Calculator App/node_modules/jest-circus/build/run.js:25:3)
    at runAndTransformResultsToJestFormat (/Users/rc/Calculator App/node_modules/jest-circus/build/legacy-code-todo-rewrite/jestAdapterInit.js:170:21)
    at jestAdapter (/Users/rc/Calculator App/node_modules/jest-circus/build/legacy-code-todo-rewrite/jestAdapter.js:82:19)
    at runTestInternal (/Users/rc/Calculator App/node_modules/jest-runner/build/runTest.js:389:16)
    at runTest (/Users/rc/Calculator App/node_modules/jest-runner/build/runTest.js:475:34)
    at TestRunner.runTests (/Users/rc/Calculator App/node_modules/jest-runner/build/index.js:101:12)
    at TestScheduler.scheduleTests (/Users/rc/Calculator App/node_modules/@jest/core/build/TestScheduler.js:333:13)
    at runJest (/Users/rc/Calculator App/node_modules/@jest/core/build/runJest.js:404:19)
    at _run10000 (/Users/rc/Calculator App/node_modules/@jest/core/build/cli/index.js:320:7)
    at runCLI (/Users/rc/Calculator App/node_modules/@jest/core/build/cli/index.js:173:3)
    at Object.run (/Users/rc/Calculator App/node_modules/jest-cli/build/cli/index.js:155:37)

FAILED: deletes the last character in the display
Failure: TypeError: Cannot set properties of null (setting 'innerText')
    at updateDisplay (/Users/rc/Calculator App/script.js:7:22)
    at clearDisplay (/Users/rc/Calculator App/script.js:36:5)
    at Object.<anonymous> (/Users/rc/Calculator App/Cal Tests/calculator.test.js:21:5)
    at Promise.then.completed (/Users/rc/Calculator App/node_modules/jest-circus/build/utils.js:391:28)
    at new Promise (<anonymous>)
    at callAsyncCircusFn (/Users/rc/Calculator App/node_modules/jest-circus/build/utils.js:316:10)
    at _callCircusHook (/Users/rc/Calculator App/node_modules/jest-circus/build/run.js:181:40)
    at processTicksAndRejections (node:internal/process/task_queues:95:5)
    at _runTest (/Users/rc/Calculator App/node_modules/jest-circus/build/run.js:148:5)
    at _runTestsForDescribeBlock (/Users/rc/Calculator App/node_modules/jest-circus/build/run.js:66:9)
    at run (/Users/rc/Calculator App/node_modules/jest-circus/build/run.js:25:3)
    at runAndTransformResultsToJestFormat (/Users/rc/Calculator App/node_modules/jest-circus/build/legacy-code-todo-rewrite/jestAdapterInit.js:170:21)
    at jestAdapter (/Users/rc/Calculator App/node_modules/jest-circus/build/legacy-code-todo-rewrite/jestAdapter.js:82:19)
    at runTestInternal (/Users/rc/Calculator App/node_modules/jest-runner/build/runTest.js:389:16)
    at runTest (/Users/rc/Calculator App/node_modules/jest-runner/build/runTest.js:475:34)
    at TestRunner.runTests (/Users/rc/Calculator App/node_modules/jest-runner/build/index.js:101:12)
    at TestScheduler.scheduleTests (/Users/rc/Calculator App/node_modules/@jest/core/build/TestScheduler.js:333:13)
    at runJest (/Users/rc/Calculator App/node_modules/@jest/core/build/runJest.js:404:19)
    at _run10000 (/Users/rc/Calculator App/node_modules/@jest/core/build/cli/index.js:320:7)
    at runCLI (/Users/rc/Calculator App/node_modules/@jest/core/build/cli/index.js:173:3)
    at Object.run (/Users/rc/Calculator App/node_modules/jest-cli/build/cli/index.js:155:37)
